# JRE version: OpenJDK Runtime Environment Zulu23.32+11-CA (23.0.2+7) (build 23.0.2+7)
# Java VM: OpenJDK 64-Bit Server VM Zulu23.32+11-CA (23.0.2+7, mixed mode, tiered, compressed oops, compressed class ptrs, g1 gc, bsd-amd64)
GC Precious Log:
 CardTable entry size: 512
 Card Set container configuration: InlinePtr #cards 3 size 8 Array Of Cards #cards 128 size 272 Howl #buckets 8 coarsen threshold 29491 Howl Bitmap #cards 4096 size 528 coarsen threshold 3686 Card regions per heap region 1 cards per card region 32768
 CPUs: 12 total, 12 available
 Memory: 98304M
 Large Page Support: Disabled
 NUMA Support: Disabled
 Compressed Oops: Enabled (Non-zero based)
 Heap Region Size: 16M
 Heap Min Capacity: 16M
 Heap Initial Capacity: 1536M
 Heap Max Capacity: 24G
 Pre-touch: Disabled
 Parallel Workers: 10
 Concurrent Workers: 3
 Concurrent Refinement Workers: 10
 Periodic GC: Disabled
Heap:
 garbage-first heap   total reserved 25165824K, committed 229376K, used 170649K [0x000000030c000000, 0x000000090c000000)
  region size 16384K, 8 young (131072K), 0 survivors (0K)
 Metaspace       used 77264K, committed 78976K, reserved 1179648K
  class space    used 9136K, committed 9984K, reserved 1048576K
GC Heap History (20 events):
Event: 58.434 GC heap before
{Heap before GC invocations=18 (full 1):
 garbage-first heap   total reserved 25165824K, committed 163840K, used 79420K [0x000000030c000000, 0x000000090c000000)
  region size 16384K, 3 young (49152K), 0 survivors (0K)
 Metaspace       used 69974K, committed 70912K, reserved 1114112K
  class space    used 8175K, committed 8640K, reserved 1048576K
}
Event: 58.611 GC heap after
{Heap after GC invocations=19 (full 2):
 garbage-first heap   total reserved 25165824K, committed 163840K, used 45562K [0x000000030c000000, 0x000000090c000000)
  region size 16384K, 0 young (0K), 0 survivors (0K)
 Metaspace       used 69974K, committed 70912K, reserved 1114112K
  class space    used 8175K, committed 8640K, reserved 1048576K
}
Event: 90.854 GC heap before
{Heap before GC invocations=19 (full 2):
 garbage-first heap   total reserved 25165824K, committed 163840K, used 127482K [0x000000030c000000, 0x000000090c000000)
  region size 16384K, 5 young (81920K), 0 survivors (0K)
 Metaspace       used 70648K, committed 71808K, reserved 1114112K
  class space    used 8293K, committed 8832K, reserved 1048576K
}
Event: 90.861 GC heap after
{Heap after GC invocations=20 (full 2):
 garbage-first heap   total reserved 25165824K, committed 163840K, used 53399K [0x000000030c000000, 0x000000090c000000)
  region size 16384K, 1 young (16384K), 1 survivors (16384K)
 Metaspace       used 70648K, committed 71808K, reserved 1114112K
  class space    used 8293K, committed 8832K, reserved 1048576K
}
Event: 91.482 GC heap before
{Heap before GC invocations=20 (full 2):
 garbage-first heap   total reserved 25165824K, committed 163840K, used 118935K [0x000000030c000000, 0x000000090c000000)
  region size 16384K, 5 young (81920K), 1 survivors (16384K)
 Metaspace       used 70826K, committed 72128K, reserved 1114112K
  class space    used 8323K, committed 8896K, reserved 1048576K
}
Event: 91.487 GC heap after
{Heap after GC invocations=21 (full 2):
 garbage-first heap   total reserved 25165824K, committed 163840K, used 54992K [0x000000030c000000, 0x000000090c000000)
  region size 16384K, 1 young (16384K), 1 survivors (16384K)
 Metaspace       used 70826K, committed 72128K, reserved 1114112K
  class space    used 8323K, committed 8896K, reserved 1048576K
}
Event: 92.108 GC heap before
{Heap before GC invocations=21 (full 2):
 garbage-first heap   total reserved 25165824K, committed 163840K, used 104144K [0x000000030c000000, 0x000000090c000000)
  region size 16384K, 5 young (81920K), 1 survivors (16384K)
 Metaspace       used 71082K, committed 72384K, reserved 1114112K
  class space    used 8350K, committed 8960K, reserved 1048576K
}
Event: 92.115 GC heap after
{Heap after GC invocations=22 (full 2):
 garbage-first heap   total reserved 25165824K, committed 163840K, used 57143K [0x000000030c000000, 0x000000090c000000)
  region size 16384K, 1 young (16384K), 1 survivors (16384K)
 Metaspace       used 71082K, committed 72384K, reserved 1114112K
  class space    used 8350K, committed 8960K, reserved 1048576K
}
Event: 92.503 GC heap before
{Heap before GC invocations=22 (full 2):
 garbage-first heap   total reserved 25165824K, committed 163840K, used 106295K [0x000000030c000000, 0x000000090c000000)
  region size 16384K, 5 young (81920K), 1 survivors (16384K)
 Metaspace       used 71189K, committed 72512K, reserved 1114112K
  class space    used 8359K, committed 8960K, reserved 1048576K
}
Event: 92.509 GC heap after
{Heap after GC invocations=23 (full 2):
 garbage-first heap   total reserved 25165824K, committed 163840K, used 58898K [0x000000030c000000, 0x000000090c000000)
  region size 16384K, 1 young (16384K), 1 survivors (16384K)
 Metaspace       used 71189K, committed 72512K, reserved 1114112K
  class space    used 8359K, committed 8960K, reserved 1048576K
}
Event: 93.187 GC heap before
{Heap before GC invocations=23 (full 2):
 garbage-first heap   total reserved 25165824K, committed 163840K, used 124434K [0x000000030c000000, 0x000000090c000000)
  region size 16384K, 5 young (81920K), 1 survivors (16384K)
 Metaspace       used 72830K, committed 74304K, reserved 1114112K
  class space    used 8636K, committed 9280K, reserved 1048576K
}
Event: 93.194 GC heap after
{Heap after GC invocations=24 (full 2):
 garbage-first heap   total reserved 25165824K, committed 163840K, used 77452K [0x000000030c000000, 0x000000090c000000)
  region size 16384K, 1 young (16384K), 1 survivors (16384K)
 Metaspace       used 72830K, committed 74304K, reserved 1114112K
  class space    used 8636K, committed 9280K, reserved 1048576K
}
Event: 93.812 GC heap before
{Heap before GC invocations=24 (full 2):
 garbage-first heap   total reserved 25165824K, committed 163840K, used 110220K [0x000000030c000000, 0x000000090c000000)
  region size 16384K, 4 young (65536K), 1 survivors (16384K)
 Metaspace       used 74191K, committed 75840K, reserved 1179648K
  class space    used 8854K, committed 9600K, reserved 1048576K
}
Event: 93.819 GC heap after
{Heap after GC invocations=25 (full 2):
 garbage-first heap   total reserved 25165824K, committed 868352K, used 62217K [0x000000030c000000, 0x000000090c000000)
  region size 16384K, 1 young (16384K), 1 survivors (16384K)
 Metaspace       used 74191K, committed 75840K, reserved 1179648K
  class space    used 8854K, committed 9600K, reserved 1048576K
}
Event: 95.068 GC heap before
{Heap before GC invocations=26 (full 2):
 garbage-first heap   total reserved 25165824K, committed 278528K, used 209673K [0x000000030c000000, 0x000000090c000000)
  region size 16384K, 10 young (163840K), 1 survivors (16384K)
 Metaspace       used 74522K, committed 76224K, reserved 1179648K
  class space    used 8913K, committed 9664K, reserved 1048576K
}
Event: 95.075 GC heap after
{Heap after GC invocations=27 (full 2):
 garbage-first heap   total reserved 25165824K, committed 278528K, used 62449K [0x000000030c000000, 0x000000090c000000)
  region size 16384K, 1 young (16384K), 1 survivors (16384K)
 Metaspace       used 74522K, committed 76224K, reserved 1179648K
  class space    used 8913K, committed 9664K, reserved 1048576K
}
Event: 95.765 GC heap before
{Heap before GC invocations=27 (full 2):
 garbage-first heap   total reserved 25165824K, committed 278528K, used 209905K [0x000000030c000000, 0x000000090c000000)
  region size 16384K, 10 young (163840K), 1 survivors (16384K)
 Metaspace       used 75014K, committed 76736K, reserved 1179648K
  class space    used 8987K, committed 9792K, reserved 1048576K
}
Event: 95.789 GC heap after
{Heap after GC invocations=28 (full 2):
 garbage-first heap   total reserved 25165824K, committed 278528K, used 63991K [0x000000030c000000, 0x000000090c000000)
  region size 16384K, 1 young (16384K), 1 survivors (16384K)
 Metaspace       used 75014K, committed 76736K, reserved 1179648K
  class space    used 8987K, committed 9792K, reserved 1048576K
}
Event: 106.955 GC heap before
{Heap before GC invocations=28 (full 2):
 garbage-first heap   total reserved 25165824K, committed 278528K, used 145911K [0x000000030c000000, 0x000000090c000000)
  region size 16384K, 7 young (114688K), 1 survivors (16384K)
 Metaspace       used 77048K, committed 78784K, reserved 1179648K
  class space    used 9179K, committed 9984K, reserved 1048576K
}
Event: 107.194 GC heap after
{Heap after GC invocations=29 (full 3):
 garbage-first heap   total reserved 25165824K, committed 229376K, used 55961K [0x000000030c000000, 0x000000090c000000)
  region size 16384K, 0 young (0K), 0 survivors (0K)
 Metaspace       used 76679K, committed 78784K, reserved 1179648K
  class space    used 9081K, committed 9984K, reserved 1048576K
}

