ðŸ—ï¸  Building all foundation-free modules and tests...
Building //Sources/BinaryData:BinaryData...
WARNING: Enabling both --slim_profile and --experimental_profile_include_primary_output: the "out" field will be omitted in merged actions.
INFO: Invocation ID: 029c1223-a725-4a7e-8ffc-5c07613c0745
Computing main repo mapping: 
Loading: 
Loading: 0 packages loaded
Analyzing: target //Sources/BinaryData:BinaryData (0 packages loaded, 0 targets configured)
Analyzing: target //Sources/BinaryData:BinaryData (0 packages loaded, 0 targets configured)

INFO: Analyzed target //Sources/BinaryData:BinaryData (0 packages loaded, 0 targets configured).
INFO: Found 1 target...
Target //Sources/BinaryData:BinaryData up-to-date:
  bazel-bin/Sources/BinaryData/BinaryData.swiftdoc
  bazel-bin/Sources/BinaryData/BinaryData.swiftmodule
  bazel-bin/Sources/BinaryData/BinaryData.swiftsourceinfo
  bazel-bin/Sources/BinaryData/libBinaryData.a
INFO: Elapsed time: 0.972s, Critical Path: 0.08s
INFO: 1 process: 1 internal.
INFO: Build completed successfully, 1 total action
Building //Sources/BinaryData:BinaryDataTests...
WARNING: Enabling both --slim_profile and --experimental_profile_include_primary_output: the "out" field will be omitted in merged actions.
INFO: Invocation ID: 3ac8e2e9-1167-44a5-8863-5df662bed5a5
Computing main repo mapping: 
Loading: 
Loading: 0 packages loaded
Analyzing: target //Sources/BinaryData:BinaryDataTests (0 packages loaded, 0 targets configured)
Analyzing: target //Sources/BinaryData:BinaryDataTests (0 packages loaded, 0 targets configured)

INFO: Analyzed target //Sources/BinaryData:BinaryDataTests (0 packages loaded, 0 targets configured).
INFO: Found 1 target...
Target //Sources/BinaryData:BinaryDataTests up-to-date:
  bazel-bin/Sources/BinaryData/BinaryDataTests.test-runner.sh
  bazel-bin/Sources/BinaryData/BinaryDataTests.xctest
INFO: Elapsed time: 0.309s, Critical Path: 0.01s
INFO: 1 process: 1 internal.
INFO: Build completed successfully, 1 total action
Building //Sources/BinaryStream:BinaryStream...
WARNING: Enabling both --slim_profile and --experimental_profile_include_primary_output: the "out" field will be omitted in merged actions.
INFO: Invocation ID: 6310c1a8-4da4-46af-923c-6bce18ea270a
Computing main repo mapping: 
Loading: 
Loading: 0 packages loaded
Analyzing: target //Sources/BinaryStream:BinaryStream (0 packages loaded, 0 targets configured)
Analyzing: target //Sources/BinaryStream:BinaryStream (0 packages loaded, 0 targets configured)

INFO: Analyzed target //Sources/BinaryStream:BinaryStream (0 packages loaded, 0 targets configured).
INFO: Found 1 target...
Target //Sources/BinaryStream:BinaryStream up-to-date:
  bazel-bin/Sources/BinaryStream/BinaryStream.swiftdoc
  bazel-bin/Sources/BinaryStream/BinaryStream.swiftmodule
  bazel-bin/Sources/BinaryStream/BinaryStream.swiftsourceinfo
  bazel-bin/Sources/BinaryStream/libBinaryStream.a
INFO: Elapsed time: 0.209s, Critical Path: 0.00s
INFO: 1 process: 1 internal.
INFO: Build completed successfully, 1 total action
Building //Sources/BinaryStream:BinaryStreamTests...
WARNING: Enabling both --slim_profile and --experimental_profile_include_primary_output: the "out" field will be omitted in merged actions.
INFO: Invocation ID: 94f1bd5d-2f30-46dc-b8ac-72748b314e79
Computing main repo mapping: 
Loading: 
Loading: 0 packages loaded
Analyzing: target //Sources/BinaryStream:BinaryStreamTests (0 packages loaded, 0 targets configured)
Analyzing: target //Sources/BinaryStream:BinaryStreamTests (0 packages loaded, 0 targets configured)

INFO: Analyzed target //Sources/BinaryStream:BinaryStreamTests (0 packages loaded, 0 targets configured).
INFO: Found 1 target...
Target //Sources/BinaryStream:BinaryStreamTests up-to-date:
  bazel-bin/Sources/BinaryStream/BinaryStreamTests.test-runner.sh
  bazel-bin/Sources/BinaryStream/BinaryStreamTests.xctest
INFO: Elapsed time: 0.274s, Critical Path: 0.00s
INFO: 1 process: 1 internal.
INFO: Build completed successfully, 1 total action
Building //Sources/ConcurrencyPrimitives:ConcurrencyPrimitives...
WARNING: Enabling both --slim_profile and --experimental_profile_include_primary_output: the "out" field will be omitted in merged actions.
INFO: Invocation ID: 4da33e01-2038-4c92-92b6-66eb3d48220e
Computing main repo mapping: 
Loading: 
Loading: 0 packages loaded
Analyzing: target //Sources/ConcurrencyPrimitives:ConcurrencyPrimitives (0 packages loaded, 0 targets configured)
Analyzing: target //Sources/ConcurrencyPrimitives:ConcurrencyPrimitives (0 packages loaded, 0 targets configured)

INFO: Analyzed target //Sources/ConcurrencyPrimitives:ConcurrencyPrimitives (0 packages loaded, 0 targets configured).
INFO: Found 1 target...
Target //Sources/ConcurrencyPrimitives:ConcurrencyPrimitives up-to-date:
  bazel-bin/Sources/ConcurrencyPrimitives/ConcurrencyPrimitives.swiftdoc
  bazel-bin/Sources/ConcurrencyPrimitives/ConcurrencyPrimitives.swiftmodule
  bazel-bin/Sources/ConcurrencyPrimitives/ConcurrencyPrimitives.swiftsourceinfo
  bazel-bin/Sources/ConcurrencyPrimitives/libConcurrencyPrimitives.a
INFO: Elapsed time: 0.203s, Critical Path: 0.00s
INFO: 1 process: 1 internal.
INFO: Build completed successfully, 1 total action
Building //Sources/ConcurrencyPrimitives:ConcurrencyPrimitivesTests...
WARNING: Enabling both --slim_profile and --experimental_profile_include_primary_output: the "out" field will be omitted in merged actions.
INFO: Invocation ID: fd78e313-9c5b-4ae9-be73-d6bad5cd1461
Computing main repo mapping: 
Loading: 
Loading: 0 packages loaded
Analyzing: target //Sources/ConcurrencyPrimitives:ConcurrencyPrimitivesTests (0 packages loaded, 0 targets configured)
Analyzing: target //Sources/ConcurrencyPrimitives:ConcurrencyPrimitivesTests (0 packages loaded, 0 targets configured)

INFO: Analyzed target //Sources/ConcurrencyPrimitives:ConcurrencyPrimitivesTests (0 packages loaded, 0 targets configured).
INFO: Found 1 target...
Target //Sources/ConcurrencyPrimitives:ConcurrencyPrimitivesTests up-to-date:
  bazel-bin/Sources/ConcurrencyPrimitives/ConcurrencyPrimitivesTests.test-runner.sh
  bazel-bin/Sources/ConcurrencyPrimitives/ConcurrencyPrimitivesTests.xctest
INFO: Elapsed time: 0.202s, Critical Path: 0.00s
INFO: 1 process: 1 internal.
INFO: Build completed successfully, 1 total action
Building //Sources/FilePath:FilePath...
WARNING: Enabling both --slim_profile and --experimental_profile_include_primary_output: the "out" field will be omitted in merged actions.
INFO: Invocation ID: 914f79c9-a79e-4f68-a650-aff0cb8e70e0
Computing main repo mapping: 
Loading: 
Loading: 0 packages loaded
Analyzing: target //Sources/FilePath:FilePath (0 packages loaded, 0 targets configured)
Analyzing: target //Sources/FilePath:FilePath (0 packages loaded, 0 targets configured)

INFO: Analyzed target //Sources/FilePath:FilePath (0 packages loaded, 0 targets configured).
INFO: Found 1 target...
Target //Sources/FilePath:FilePath up-to-date:
  bazel-bin/Sources/FilePath/FilePath.swiftdoc
  bazel-bin/Sources/FilePath/FilePath.swiftmodule
  bazel-bin/Sources/FilePath/FilePath.swiftsourceinfo
  bazel-bin/Sources/FilePath/libFilePath.a
INFO: Elapsed time: 0.229s, Critical Path: 0.00s
INFO: 1 process: 1 internal.
INFO: Build completed successfully, 1 total action
Building //Sources/FilePath:FilePathTests...
WARNING: Enabling both --slim_profile and --experimental_profile_include_primary_output: the "out" field will be omitted in merged actions.
INFO: Invocation ID: 8bcf3b1e-5474-4deb-b67c-efc8ee1b3538
Computing main repo mapping: 
Loading: 
Loading: 0 packages loaded
Analyzing: target //Sources/FilePath:FilePathTests (0 packages loaded, 0 targets configured)
Analyzing: target //Sources/FilePath:FilePathTests (0 packages loaded, 0 targets configured)

INFO: Analyzed target //Sources/FilePath:FilePathTests (0 packages loaded, 0 targets configured).
INFO: Found 1 target...
Target //Sources/FilePath:FilePathTests up-to-date:
  bazel-bin/Sources/FilePath/FilePathTests.test-runner.sh
  bazel-bin/Sources/FilePath/FilePathTests.xctest
INFO: Elapsed time: 0.205s, Critical Path: 0.00s
INFO: 1 process: 1 internal.
INFO: Build completed successfully, 1 total action
Building //Sources/SecureBytes:SecureBytes...
WARNING: Enabling both --slim_profile and --experimental_profile_include_primary_output: the "out" field will be omitted in merged actions.
INFO: Invocation ID: eba97741-6a05-4803-9fe2-2cfdce1c6cc0
Computing main repo mapping: 
Loading: 
Loading: 0 packages loaded
Analyzing: target //Sources/SecureBytes:SecureBytes (0 packages loaded, 0 targets configured)
Analyzing: target //Sources/SecureBytes:SecureBytes (0 packages loaded, 0 targets configured)

INFO: Analyzed target //Sources/SecureBytes:SecureBytes (0 packages loaded, 0 targets configured).
INFO: Found 1 target...
Target //Sources/SecureBytes:SecureBytes up-to-date:
  bazel-bin/Sources/SecureBytes/SecureBytes.swiftdoc
  bazel-bin/Sources/SecureBytes/SecureBytes.swiftmodule
  bazel-bin/Sources/SecureBytes/SecureBytes.swiftsourceinfo
  bazel-bin/Sources/SecureBytes/libSecureBytes.a
INFO: Elapsed time: 0.203s, Critical Path: 0.00s
INFO: 1 process: 1 internal.
INFO: Build completed successfully, 1 total action
Building //Sources/SecureBytes:SecureBytesTests...
WARNING: Enabling both --slim_profile and --experimental_profile_include_primary_output: the "out" field will be omitted in merged actions.
INFO: Invocation ID: 50298ccf-9dd3-401c-b37e-c987351c73b6
Computing main repo mapping: 
Loading: 
Loading: 0 packages loaded
Analyzing: target //Sources/SecureBytes:SecureBytesTests (0 packages loaded, 0 targets configured)
Analyzing: target //Sources/SecureBytes:SecureBytesTests (0 packages loaded, 0 targets configured)

INFO: Analyzed target //Sources/SecureBytes:SecureBytesTests (0 packages loaded, 0 targets configured).
INFO: Found 1 target...
Target //Sources/SecureBytes:SecureBytesTests up-to-date:
  bazel-bin/Sources/SecureBytes/SecureBytesTests.test-runner.sh
  bazel-bin/Sources/SecureBytes/SecureBytesTests.xctest
INFO: Elapsed time: 0.220s, Critical Path: 0.00s
INFO: 1 process: 1 internal.
INFO: Build completed successfully, 1 total action
Building //Sources/SecurityProtocolsCore:SecurityProtocolsCore...
WARNING: Enabling both --slim_profile and --experimental_profile_include_primary_output: the "out" field will be omitted in merged actions.
INFO: Invocation ID: ca65789b-cd7d-4183-b5c2-87f211cde15b
Computing main repo mapping: 
Loading: 
Loading: 0 packages loaded
Analyzing: target //Sources/SecurityProtocolsCore:SecurityProtocolsCore (0 packages loaded, 0 targets configured)
Analyzing: target //Sources/SecurityProtocolsCore:SecurityProtocolsCore (0 packages loaded, 0 targets configured)

INFO: Analyzed target //Sources/SecurityProtocolsCore:SecurityProtocolsCore (0 packages loaded, 0 targets configured).
ERROR: /Users/mpy/CascadeProjects/UmbraCore/Sources/SecurityProtocolsCore/BUILD.bazel:3:33: Compiling Swift module //Sources/SecurityProtocolsCore:SecurityProtocolsCore failed: (Exit 1): worker failed: error executing SwiftCompile command (from target //Sources/SecurityProtocolsCore:SecurityProtocolsCore) bazel-out/darwin_x86_64-opt-exec-ST-d57f47055a04/bin/external/rules_swift+/tools/worker/worker swiftc ... (remaining 1 argument skipped)
Sources/SecurityProtocolsCore/Sources/Protocols/CryptoServiceProtocol.swift:18:77: error: 'SecureBytes' is ambiguous for type lookup in this context
16 |     ///   - key: The encryption key as `SecureBytes`.
17 |     /// - Returns: The encrypted data as `SecureBytes` or an error.
18 |     func encrypt(data: SecureBytes, using key: SecureBytes) async -> Result<SecureBytes, SecurityError>
   |                                                                             `- error: 'SecureBytes' is ambiguous for type lookup in this context
19 | 
20 |     /// Decrypts binary data using the provided key.

/Users/mpy/.bazel/execroot/_main/Sources/SecureBytes/Sources/SecureBytes.swift:8:15: note: found this candidate
  6 | /// that conforms to all required concurrency and safety protocols.
  7 | @frozen
  8 | public struct SecureBytes: Sendable, Equatable, Hashable {
    |               `- note: found this candidate
  9 |     // MARK: - Properties
 10 |     

UmbraCoreTypes.SecureBytes:1:23: note: found this candidate
 1 | @frozen public struct SecureBytes : Sendable, Equatable, Hashable {
   |                       `- note: found this candidate
 2 |     public init()
 3 |     public init(capacity: Int)

Sources/SecurityProtocolsCore/Sources/Protocols/CryptoServiceProtocol.swift:18:24: error: 'SecureBytes' is ambiguous for type lookup in this context
16 |     ///   - key: The encryption key as `SecureBytes`.
17 |     /// - Returns: The encrypted data as `SecureBytes` or an error.
18 |     func encrypt(data: SecureBytes, using key: SecureBytes) async -> Result<SecureBytes, SecurityError>
   |                        `- error: 'SecureBytes' is ambiguous for type lookup in this context
19 | 
20 |     /// Decrypts binary data using the provided key.

/Users/mpy/.bazel/execroot/_main/Sources/SecureBytes/Sources/SecureBytes.swift:8:15: note: found this candidate
  6 | /// that conforms to all required concurrency and safety protocols.
  7 | @frozen
  8 | public struct SecureBytes: Sendable, Equatable, Hashable {
    |               `- note: found this candidate
  9 |     // MARK: - Properties
 10 |     

UmbraCoreTypes.SecureBytes:1:23: note: found this candidate
 1 | @frozen public struct SecureBytes : Sendable, Equatable, Hashable {
   |                       `- note: found this candidate
 2 |     public init()
 3 |     public init(capacity: Int)

Sources/SecurityProtocolsCore/Sources/Protocols/CryptoServiceProtocol.swift:18:48: error: 'SecureBytes' is ambiguous for type lookup in this context
16 |     ///   - key: The encryption key as `SecureBytes`.
17 |     /// - Returns: The encrypted data as `SecureBytes` or an error.
18 |     func encrypt(data: SecureBytes, using key: SecureBytes) async -> Result<SecureBytes, SecurityError>
   |                                                `- error: 'SecureBytes' is ambiguous for type lookup in this context
19 | 
20 |     /// Decrypts binary data using the provided key.

/Users/mpy/.bazel/execroot/_main/Sources/SecureBytes/Sources/SecureBytes.swift:8:15: note: found this candidate
  6 | /// that conforms to all required concurrency and safety protocols.
  7 | @frozen
  8 | public struct SecureBytes: Sendable, Equatable, Hashable {
    |               `- note: found this candidate
  9 |     // MARK: - Properties
 10 |     

UmbraCoreTypes.SecureBytes:1:23: note: found this candidate
 1 | @frozen public struct SecureBytes : Sendable, Equatable, Hashable {
   |                       `- note: found this candidate
 2 |     public init()
 3 |     public init(capacity: Int)

Sources/SecurityProtocolsCore/Sources/Protocols/CryptoServiceProtocol.swift:25:77: error: 'SecureBytes' is ambiguous for type lookup in this context
23 |     ///   - key: The decryption key as `SecureBytes`.
24 |     /// - Returns: The decrypted data as `SecureBytes` or an error.
25 |     func decrypt(data: SecureBytes, using key: SecureBytes) async -> Result<SecureBytes, SecurityError>
   |                                                                             `- error: 'SecureBytes' is ambiguous for type lookup in this context
26 | 
27 |     /// Generates a secure cryptographic key suitable for encryption/decryption operations.

/Users/mpy/.bazel/execroot/_main/Sources/SecureBytes/Sources/SecureBytes.swift:8:15: note: found this candidate
  6 | /// that conforms to all required concurrency and safety protocols.
  7 | @frozen
  8 | public struct SecureBytes: Sendable, Equatable, Hashable {
    |               `- note: found this candidate
  9 |     // MARK: - Properties
 10 |     

UmbraCoreTypes.SecureBytes:1:23: note: found this candidate
 1 | @frozen public struct SecureBytes : Sendable, Equatable, Hashable {
   |                       `- note: found this candidate
 2 |     public init()
 3 |     public init(capacity: Int)

Sources/SecurityProtocolsCore/Sources/Protocols/CryptoServiceProtocol.swift:25:24: error: 'SecureBytes' is ambiguous for type lookup in this context
23 |     ///   - key: The decryption key as `SecureBytes`.
24 |     /// - Returns: The decrypted data as `SecureBytes` or an error.
25 |     func decrypt(data: SecureBytes, using key: SecureBytes) async -> Result<SecureBytes, SecurityError>
   |                        `- error: 'SecureBytes' is ambiguous for type lookup in this context
26 | 
27 |     /// Generates a secure cryptographic key suitable for encryption/decryption operations.

/Users/mpy/.bazel/execroot/_main/Sources/SecureBytes/Sources/SecureBytes.swift:8:15: note: found this candidate
  6 | /// that conforms to all required concurrency and safety protocols.
  7 | @frozen
  8 | public struct SecureBytes: Sendable, Equatable, Hashable {
    |               `- note: found this candidate
  9 |     // MARK: - Properties
 10 |     

UmbraCoreTypes.SecureBytes:1:23: note: found this candidate
 1 | @frozen public struct SecureBytes : Sendable, Equatable, Hashable {
   |                       `- note: found this candidate
 2 |     public init()
 3 |     public init(capacity: Int)

Sources/SecurityProtocolsCore/Sources/Protocols/CryptoServiceProtocol.swift:25:48: error: 'SecureBytes' is ambiguous for type lookup in this context
23 |     ///   - key: The decryption key as `SecureBytes`.
24 |     /// - Returns: The decrypted data as `SecureBytes` or an error.
25 |     func decrypt(data: SecureBytes, using key: SecureBytes) async -> Result<SecureBytes, SecurityError>
   |                                                `- error: 'SecureBytes' is ambiguous for type lookup in this context
26 | 
27 |     /// Generates a secure cryptographic key suitable for encryption/decryption operations.

/Users/mpy/.bazel/execroot/_main/Sources/SecureBytes/Sources/SecureBytes.swift:8:15: note: found this candidate
  6 | /// that conforms to all required concurrency and safety protocols.
  7 | @frozen
  8 | public struct SecureBytes: Sendable, Equatable, Hashable {
    |               `- note: found this candidate
  9 |     // MARK: - Properties
 10 |     

UmbraCoreTypes.SecureBytes:1:23: note: found this candidate
 1 | @frozen public struct SecureBytes : Sendable, Equatable, Hashable {
   |                       `- note: found this candidate
 2 |     public init()
 3 |     public init(capacity: Int)

Sources/SecurityProtocolsCore/Sources/Protocols/CryptoServiceProtocol.swift:29:40: error: 'SecureBytes' is ambiguous for type lookup in this context
27 |     /// Generates a secure cryptographic key suitable for encryption/decryption operations.
28 |     /// - Returns: A new cryptographic key as `SecureBytes` or an error.
29 |     func generateKey() async -> Result<SecureBytes, SecurityError>
   |                                        `- error: 'SecureBytes' is ambiguous for type lookup in this context
30 |     
31 |     /// Hashes the provided data using a cryptographically strong algorithm.

/Users/mpy/.bazel/execroot/_main/Sources/SecureBytes/Sources/SecureBytes.swift:8:15: note: found this candidate
  6 | /// that conforms to all required concurrency and safety protocols.
  7 | @frozen
  8 | public struct SecureBytes: Sendable, Equatable, Hashable {
    |               `- note: found this candidate
  9 |     // MARK: - Properties
 10 |     

UmbraCoreTypes.SecureBytes:1:23: note: found this candidate
 1 | @frozen public struct SecureBytes : Sendable, Equatable, Hashable {
   |                       `- note: found this candidate
 2 |     public init()
 3 |     public init(capacity: Int)

Sources/SecurityProtocolsCore/Sources/Protocols/CryptoServiceProtocol.swift:34:50: error: 'SecureBytes' is ambiguous for type lookup in this context
32 |     /// - Parameter data: The data to hash as `SecureBytes`.
33 |     /// - Returns: The resulting hash as `SecureBytes` or an error.
34 |     func hash(data: SecureBytes) async -> Result<SecureBytes, SecurityError>
   |                                                  `- error: 'SecureBytes' is ambiguous for type lookup in this context
35 |     
36 |     /// Verifies the integrity of data against a known hash.

/Users/mpy/.bazel/execroot/_main/Sources/SecureBytes/Sources/SecureBytes.swift:8:15: note: found this candidate
  6 | /// that conforms to all required concurrency and safety protocols.
  7 | @frozen
  8 | public struct SecureBytes: Sendable, Equatable, Hashable {
    |               `- note: found this candidate
  9 |     // MARK: - Properties
 10 |     

UmbraCoreTypes.SecureBytes:1:23: note: found this candidate
 1 | @frozen public struct SecureBytes : Sendable, Equatable, Hashable {
   |                       `- note: found this candidate
 2 |     public init()
 3 |     public init(capacity: Int)

Sources/SecurityProtocolsCore/Sources/Protocols/CryptoServiceProtocol.swift:34:21: error: 'SecureBytes' is ambiguous for type lookup in this context
32 |     /// - Parameter data: The data to hash as `SecureBytes`.
33 |     /// - Returns: The resulting hash as `SecureBytes` or an error.
34 |     func hash(data: SecureBytes) async -> Result<SecureBytes, SecurityError>
   |                     `- error: 'SecureBytes' is ambiguous for type lookup in this context
35 |     
36 |     /// Verifies the integrity of data against a known hash.

/Users/mpy/.bazel/execroot/_main/Sources/SecureBytes/Sources/SecureBytes.swift:8:15: note: found this candidate
  6 | /// that conforms to all required concurrency and safety protocols.
  7 | @frozen
  8 | public struct SecureBytes: Sendable, Equatable, Hashable {
    |               `- note: found this candidate
  9 |     // MARK: - Properties
 10 |     

UmbraCoreTypes.SecureBytes:1:23: note: found this candidate
 1 | @frozen public struct SecureBytes : Sendable, Equatable, Hashable {
   |                       `- note: found this candidate
 2 |     public init()
 3 |     public init(capacity: Int)

Sources/SecurityProtocolsCore/Sources/Protocols/CryptoServiceProtocol.swift:41:23: error: 'SecureBytes' is ambiguous for type lookup in this context
39 |     ///   - hash: The expected hash value as `SecureBytes`.
40 |     /// - Returns: Boolean indicating whether the hash matches.
41 |     func verify(data: SecureBytes, against hash: SecureBytes) async -> Bool
   |                       `- error: 'SecureBytes' is ambiguous for type lookup in this context
42 | }
43 | 

/Users/mpy/.bazel/execroot/_main/Sources/SecureBytes/Sources/SecureBytes.swift:8:15: note: found this candidate
  6 | /// that conforms to all required concurrency and safety protocols.
  7 | @frozen
  8 | public struct SecureBytes: Sendable, Equatable, Hashable {
    |               `- note: found this candidate
  9 |     // MARK: - Properties
 10 |     

UmbraCoreTypes.SecureBytes:1:23: note: found this candidate
 1 | @frozen public struct SecureBytes : Sendable, Equatable, Hashable {
   |                       `- note: found this candidate
 2 |     public init()
 3 |     public init(capacity: Int)

Sources/SecurityProtocolsCore/Sources/Protocols/CryptoServiceProtocol.swift:41:50: error: 'SecureBytes' is ambiguous for type lookup in this context
39 |     ///   - hash: The expected hash value as `SecureBytes`.
40 |     /// - Returns: Boolean indicating whether the hash matches.
41 |     func verify(data: SecureBytes, against hash: SecureBytes) async -> Bool
   |                                                  `- error: 'SecureBytes' is ambiguous for type lookup in this context
42 | }
43 | 

/Users/mpy/.bazel/execroot/_main/Sources/SecureBytes/Sources/SecureBytes.swift:8:15: note: found this candidate
  6 | /// that conforms to all required concurrency and safety protocols.
  7 | @frozen
  8 | public struct SecureBytes: Sendable, Equatable, Hashable {
    |               `- note: found this candidate
  9 |     // MARK: - Properties
 10 |     

UmbraCoreTypes.SecureBytes:1:23: note: found this candidate
 1 | @frozen public struct SecureBytes : Sendable, Equatable, Hashable {
   |                       `- note: found this candidate
 2 |     public init()
 3 |     public init(capacity: Int)

Sources/SecurityProtocolsCore/Sources/Protocols/KeyManagementProtocol.swift:16:73: error: 'SecureBytes' is ambiguous for type lookup in this context
14 |     /// - Parameter identifier: A string identifying the key.
15 |     /// - Returns: The security key as `SecureBytes` or an error.
16 |     func retrieveKey(withIdentifier identifier: String) async -> Result<SecureBytes, SecurityError>
   |                                                                         `- error: 'SecureBytes' is ambiguous for type lookup in this context
17 |     
18 |     /// Stores a security key with the given identifier.

/Users/mpy/.bazel/execroot/_main/Sources/SecureBytes/Sources/SecureBytes.swift:8:15: note: found this candidate
  6 | /// that conforms to all required concurrency and safety protocols.
  7 | @frozen
  8 | public struct SecureBytes: Sendable, Equatable, Hashable {
    |               `- note: found this candidate
  9 |     // MARK: - Properties
 10 |     

UmbraCoreTypes.SecureBytes:1:23: note: found this candidate
 1 | @frozen public struct SecureBytes : Sendable, Equatable, Hashable {
   |                       `- note: found this candidate
 2 |     public init()
 3 |     public init(capacity: Int)

Sources/SecurityProtocolsCore/Sources/Protocols/KeyManagementProtocol.swift:23:26: error: 'SecureBytes' is ambiguous for type lookup in this context
21 |     ///   - identifier: A string identifier for the key.
22 |     /// - Returns: Success or an error.
23 |     func storeKey(_ key: SecureBytes, withIdentifier identifier: String) async -> Result<Void, SecurityError>
   |                          `- error: 'SecureBytes' is ambiguous for type lookup in this context
24 |     
25 |     /// Deletes a security key with the given identifier.

/Users/mpy/.bazel/execroot/_main/Sources/SecureBytes/Sources/SecureBytes.swift:8:15: note: found this candidate
  6 | /// that conforms to all required concurrency and safety protocols.
  7 | @frozen
  8 | public struct SecureBytes: Sendable, Equatable, Hashable {
    |               `- note: found this candidate
  9 |     // MARK: - Properties
 10 |     

UmbraCoreTypes.SecureBytes:1:23: note: found this candidate
 1 | @frozen public struct SecureBytes : Sendable, Equatable, Hashable {
   |                       `- note: found this candidate
 2 |     public init()
 3 |     public init(capacity: Int)

Sources/SecurityProtocolsCore/Sources/Protocols/KeyManagementProtocol.swift:36:75: error: 'SecureBytes' is ambiguous for type lookup in this context
34 |     /// - Returns: The new key and re-encrypted data (if provided) or an error.
35 |     func rotateKey(withIdentifier identifier: String, 
36 |                   dataToReencrypt: SecureBytes?) async -> Result<(newKey: SecureBytes, reencryptedData: SecureBytes?), SecurityError>
   |                                                                           `- error: 'SecureBytes' is ambiguous for type lookup in this context
37 |     
38 |     /// Lists all available key identifiers.

/Users/mpy/.bazel/execroot/_main/Sources/SecureBytes/Sources/SecureBytes.swift:8:15: note: found this candidate
  6 | /// that conforms to all required concurrency and safety protocols.
  7 | @frozen
  8 | public struct SecureBytes: Sendable, Equatable, Hashable {
    |               `- note: found this candidate
  9 |     // MARK: - Properties
 10 |     

UmbraCoreTypes.SecureBytes:1:23: note: found this candidate
 1 | @frozen public struct SecureBytes : Sendable, Equatable, Hashable {
   |                       `- note: found this candidate
 2 |     public init()
 3 |     public init(capacity: Int)

Sources/SecurityProtocolsCore/Sources/Protocols/KeyManagementProtocol.swift:36:105: error: 'SecureBytes' is ambiguous for type lookup in this context
34 |     /// - Returns: The new key and re-encrypted data (if provided) or an error.
35 |     func rotateKey(withIdentifier identifier: String, 
36 |                   dataToReencrypt: SecureBytes?) async -> Result<(newKey: SecureBytes, reencryptedData: SecureBytes?), SecurityError>
   |                                                                                                         `- error: 'SecureBytes' is ambiguous for type lookup in this context
37 |     
38 |     /// Lists all available key identifiers.

/Users/mpy/.bazel/execroot/_main/Sources/SecureBytes/Sources/SecureBytes.swift:8:15: note: found this candidate
  6 | /// that conforms to all required concurrency and safety protocols.
  7 | @frozen
  8 | public struct SecureBytes: Sendable, Equatable, Hashable {
    |               `- note: found this candidate
  9 |     // MARK: - Properties
 10 |     

UmbraCoreTypes.SecureBytes:1:23: note: found this candidate
 1 | @frozen public struct SecureBytes : Sendable, Equatable, Hashable {
   |                       `- note: found this candidate
 2 |     public init()
 3 |     public init(capacity: Int)

Sources/SecurityProtocolsCore/Sources/Protocols/KeyManagementProtocol.swift:36:36: error: 'SecureBytes' is ambiguous for type lookup in this context
34 |     /// - Returns: The new key and re-encrypted data (if provided) or an error.
35 |     func rotateKey(withIdentifier identifier: String, 
36 |                   dataToReencrypt: SecureBytes?) async -> Result<(newKey: SecureBytes, reencryptedData: SecureBytes?), SecurityError>
   |                                    `- error: 'SecureBytes' is ambiguous for type lookup in this context
37 |     
38 |     /// Lists all available key identifiers.

/Users/mpy/.bazel/execroot/_main/Sources/SecureBytes/Sources/SecureBytes.swift:8:15: note: found this candidate
  6 | /// that conforms to all required concurrency and safety protocols.
  7 | @frozen
  8 | public struct SecureBytes: Sendable, Equatable, Hashable {
    |               `- note: found this candidate
  9 |     // MARK: - Properties
 10 |     

UmbraCoreTypes.SecureBytes:1:23: note: found this candidate
 1 | @frozen public struct SecureBytes : Sendable, Equatable, Hashable {
   |                       `- note: found this candidate
 2 |     public init()
 3 |     public init(capacity: Int)

Sources/SecurityProtocolsCore/Sources/Protocols/SecurityProviderProtocol.swift:29:37: error: 'SecureBytes' is ambiguous for type lookup in this context
27 |     /// - Parameter data: The data to securely wipe.
28 |     /// - Returns: Success or an error.
29 |     func securelyWipe(_ data: inout SecureBytes) async -> Result<Void, SecurityError>
   |                                     `- error: 'SecureBytes' is ambiguous for type lookup in this context
30 |     
31 |     /// Generates cryptographically secure random bytes of specified length.

/Users/mpy/.bazel/execroot/_main/Sources/SecureBytes/Sources/SecureBytes.swift:8:15: note: found this candidate
  6 | /// that conforms to all required concurrency and safety protocols.
  7 | @frozen
  8 | public struct SecureBytes: Sendable, Equatable, Hashable {
    |               `- note: found this candidate
  9 |     // MARK: - Properties
 10 |     

UmbraCoreTypes.SecureBytes:1:23: note: found this candidate
 1 | @frozen public struct SecureBytes : Sendable, Equatable, Hashable {
   |                       `- note: found this candidate
 2 |     public init()
 3 |     public init(capacity: Int)

Sources/SecurityProtocolsCore/Sources/Protocols/SecurityProviderProtocol.swift:34:59: error: 'SecureBytes' is ambiguous for type lookup in this context
32 |     /// - Parameter length: The number of random bytes to generate.
33 |     /// - Returns: Random bytes as `SecureBytes` or an error.
34 |     func generateRandomBytes(length: Int) async -> Result<SecureBytes, SecurityError>
   |                                                           `- error: 'SecureBytes' is ambiguous for type lookup in this context
35 | }
36 | 

/Users/mpy/.bazel/execroot/_main/Sources/SecureBytes/Sources/SecureBytes.swift:8:15: note: found this candidate
  6 | /// that conforms to all required concurrency and safety protocols.
  7 | @frozen
  8 | public struct SecureBytes: Sendable, Equatable, Hashable {
    |               `- note: found this candidate
  9 |     // MARK: - Properties
 10 |     

UmbraCoreTypes.SecureBytes:1:23: note: found this candidate
 1 | @frozen public struct SecureBytes : Sendable, Equatable, Hashable {
   |                       `- note: found this candidate
 2 |     public init()
 3 |     public init(capacity: Int)
Target //Sources/SecurityProtocolsCore:SecurityProtocolsCore failed to build
Use --verbose_failures to see the command lines of failed build steps.
INFO: Elapsed time: 0.761s, Critical Path: 0.52s
INFO: 2 processes: 2 internal.
ERROR: Build did NOT complete successfully
âš ï¸ Failed to build SecurityProtocolsCore
Building //Sources/SecurityProtocolsCore:SecurityProtocolsCoreTests...
WARNING: Enabling both --slim_profile and --experimental_profile_include_primary_output: the "out" field will be omitted in merged actions.
INFO: Invocation ID: 7315fcc1-3a76-44dd-acab-21f3c607e0b6
Computing main repo mapping: 
Loading: 
Loading: 0 packages loaded
Analyzing: target //Sources/SecurityProtocolsCore:SecurityProtocolsCoreTests (0 packages loaded, 0 targets configured)
Analyzing: target //Sources/SecurityProtocolsCore:SecurityProtocolsCoreTests (0 packages loaded, 0 targets configured)

INFO: Analyzed target //Sources/SecurityProtocolsCore:SecurityProtocolsCoreTests (0 packages loaded, 0 targets configured).
ERROR: /Users/mpy/CascadeProjects/UmbraCore/Sources/SecurityProtocolsCore/BUILD.bazel:3:33: Compiling Swift module //Sources/SecurityProtocolsCore:SecurityProtocolsCore failed: (Exit 1): worker failed: error executing SwiftCompile command (from target //Sources/SecurityProtocolsCore:SecurityProtocolsCore) bazel-out/darwin_x86_64-opt-exec-ST-d57f47055a04/bin/external/rules_swift+/tools/worker/worker swiftc ... (remaining 1 argument skipped)
Sources/SecurityProtocolsCore/Sources/Protocols/CryptoServiceProtocol.swift:18:77: error: 'SecureBytes' is ambiguous for type lookup in this context
16 |     ///   - key: The encryption key as `SecureBytes`.
17 |     /// - Returns: The encrypted data as `SecureBytes` or an error.
18 |     func encrypt(data: SecureBytes, using key: SecureBytes) async -> Result<SecureBytes, SecurityError>
   |                                                                             `- error: 'SecureBytes' is ambiguous for type lookup in this context
19 | 
20 |     /// Decrypts binary data using the provided key.

/Users/mpy/.bazel/execroot/_main/Sources/SecureBytes/Sources/SecureBytes.swift:8:15: note: found this candidate
  6 | /// that conforms to all required concurrency and safety protocols.
  7 | @frozen
  8 | public struct SecureBytes: Sendable, Equatable, Hashable {
    |               `- note: found this candidate
  9 |     // MARK: - Properties
 10 |     

UmbraCoreTypes.SecureBytes:1:23: note: found this candidate
 1 | @frozen public struct SecureBytes : Sendable, Equatable, Hashable {
   |                       `- note: found this candidate
 2 |     public init()
 3 |     public init(capacity: Int)

Sources/SecurityProtocolsCore/Sources/Protocols/CryptoServiceProtocol.swift:18:24: error: 'SecureBytes' is ambiguous for type lookup in this context
16 |     ///   - key: The encryption key as `SecureBytes`.
17 |     /// - Returns: The encrypted data as `SecureBytes` or an error.
18 |     func encrypt(data: SecureBytes, using key: SecureBytes) async -> Result<SecureBytes, SecurityError>
   |                        `- error: 'SecureBytes' is ambiguous for type lookup in this context
19 | 
20 |     /// Decrypts binary data using the provided key.

/Users/mpy/.bazel/execroot/_main/Sources/SecureBytes/Sources/SecureBytes.swift:8:15: note: found this candidate
  6 | /// that conforms to all required concurrency and safety protocols.
  7 | @frozen
  8 | public struct SecureBytes: Sendable, Equatable, Hashable {
    |               `- note: found this candidate
  9 |     // MARK: - Properties
 10 |     

UmbraCoreTypes.SecureBytes:1:23: note: found this candidate
 1 | @frozen public struct SecureBytes : Sendable, Equatable, Hashable {
   |                       `- note: found this candidate
 2 |     public init()
 3 |     public init(capacity: Int)

Sources/SecurityProtocolsCore/Sources/Protocols/CryptoServiceProtocol.swift:18:48: error: 'SecureBytes' is ambiguous for type lookup in this context
16 |     ///   - key: The encryption key as `SecureBytes`.
17 |     /// - Returns: The encrypted data as `SecureBytes` or an error.
18 |     func encrypt(data: SecureBytes, using key: SecureBytes) async -> Result<SecureBytes, SecurityError>
   |                                                `- error: 'SecureBytes' is ambiguous for type lookup in this context
19 | 
20 |     /// Decrypts binary data using the provided key.

/Users/mpy/.bazel/execroot/_main/Sources/SecureBytes/Sources/SecureBytes.swift:8:15: note: found this candidate
  6 | /// that conforms to all required concurrency and safety protocols.
  7 | @frozen
  8 | public struct SecureBytes: Sendable, Equatable, Hashable {
    |               `- note: found this candidate
  9 |     // MARK: - Properties
 10 |     

UmbraCoreTypes.SecureBytes:1:23: note: found this candidate
 1 | @frozen public struct SecureBytes : Sendable, Equatable, Hashable {
   |                       `- note: found this candidate
 2 |     public init()
 3 |     public init(capacity: Int)

Sources/SecurityProtocolsCore/Sources/Protocols/CryptoServiceProtocol.swift:25:77: error: 'SecureBytes' is ambiguous for type lookup in this context
23 |     ///   - key: The decryption key as `SecureBytes`.
24 |     /// - Returns: The decrypted data as `SecureBytes` or an error.
25 |     func decrypt(data: SecureBytes, using key: SecureBytes) async -> Result<SecureBytes, SecurityError>
   |                                                                             `- error: 'SecureBytes' is ambiguous for type lookup in this context
26 | 
27 |     /// Generates a secure cryptographic key suitable for encryption/decryption operations.

/Users/mpy/.bazel/execroot/_main/Sources/SecureBytes/Sources/SecureBytes.swift:8:15: note: found this candidate
  6 | /// that conforms to all required concurrency and safety protocols.
  7 | @frozen
  8 | public struct SecureBytes: Sendable, Equatable, Hashable {
    |               `- note: found this candidate
  9 |     // MARK: - Properties
 10 |     

UmbraCoreTypes.SecureBytes:1:23: note: found this candidate
 1 | @frozen public struct SecureBytes : Sendable, Equatable, Hashable {
   |                       `- note: found this candidate
 2 |     public init()
 3 |     public init(capacity: Int)

Sources/SecurityProtocolsCore/Sources/Protocols/CryptoServiceProtocol.swift:25:24: error: 'SecureBytes' is ambiguous for type lookup in this context
23 |     ///   - key: The decryption key as `SecureBytes`.
24 |     /// - Returns: The decrypted data as `SecureBytes` or an error.
25 |     func decrypt(data: SecureBytes, using key: SecureBytes) async -> Result<SecureBytes, SecurityError>
   |                        `- error: 'SecureBytes' is ambiguous for type lookup in this context
26 | 
27 |     /// Generates a secure cryptographic key suitable for encryption/decryption operations.

/Users/mpy/.bazel/execroot/_main/Sources/SecureBytes/Sources/SecureBytes.swift:8:15: note: found this candidate
  6 | /// that conforms to all required concurrency and safety protocols.
  7 | @frozen
  8 | public struct SecureBytes: Sendable, Equatable, Hashable {
    |               `- note: found this candidate
  9 |     // MARK: - Properties
 10 |     

UmbraCoreTypes.SecureBytes:1:23: note: found this candidate
 1 | @frozen public struct SecureBytes : Sendable, Equatable, Hashable {
   |                       `- note: found this candidate
 2 |     public init()
 3 |     public init(capacity: Int)

Sources/SecurityProtocolsCore/Sources/Protocols/CryptoServiceProtocol.swift:25:48: error: 'SecureBytes' is ambiguous for type lookup in this context
23 |     ///   - key: The decryption key as `SecureBytes`.
24 |     /// - Returns: The decrypted data as `SecureBytes` or an error.
25 |     func decrypt(data: SecureBytes, using key: SecureBytes) async -> Result<SecureBytes, SecurityError>
   |                                                `- error: 'SecureBytes' is ambiguous for type lookup in this context
26 | 
27 |     /// Generates a secure cryptographic key suitable for encryption/decryption operations.

/Users/mpy/.bazel/execroot/_main/Sources/SecureBytes/Sources/SecureBytes.swift:8:15: note: found this candidate
  6 | /// that conforms to all required concurrency and safety protocols.
  7 | @frozen
  8 | public struct SecureBytes: Sendable, Equatable, Hashable {
    |               `- note: found this candidate
  9 |     // MARK: - Properties
 10 |     

UmbraCoreTypes.SecureBytes:1:23: note: found this candidate
 1 | @frozen public struct SecureBytes : Sendable, Equatable, Hashable {
   |                       `- note: found this candidate
 2 |     public init()
 3 |     public init(capacity: Int)

Sources/SecurityProtocolsCore/Sources/Protocols/CryptoServiceProtocol.swift:29:40: error: 'SecureBytes' is ambiguous for type lookup in this context
27 |     /// Generates a secure cryptographic key suitable for encryption/decryption operations.
28 |     /// - Returns: A new cryptographic key as `SecureBytes` or an error.
29 |     func generateKey() async -> Result<SecureBytes, SecurityError>
   |                                        `- error: 'SecureBytes' is ambiguous for type lookup in this context
30 |     
31 |     /// Hashes the provided data using a cryptographically strong algorithm.

/Users/mpy/.bazel/execroot/_main/Sources/SecureBytes/Sources/SecureBytes.swift:8:15: note: found this candidate
  6 | /// that conforms to all required concurrency and safety protocols.
  7 | @frozen
  8 | public struct SecureBytes: Sendable, Equatable, Hashable {
    |               `- note: found this candidate
  9 |     // MARK: - Properties
 10 |     

UmbraCoreTypes.SecureBytes:1:23: note: found this candidate
 1 | @frozen public struct SecureBytes : Sendable, Equatable, Hashable {
   |                       `- note: found this candidate
 2 |     public init()
 3 |     public init(capacity: Int)

Sources/SecurityProtocolsCore/Sources/Protocols/CryptoServiceProtocol.swift:34:50: error: 'SecureBytes' is ambiguous for type lookup in this context
32 |     /// - Parameter data: The data to hash as `SecureBytes`.
33 |     /// - Returns: The resulting hash as `SecureBytes` or an error.
34 |     func hash(data: SecureBytes) async -> Result<SecureBytes, SecurityError>
   |                                                  `- error: 'SecureBytes' is ambiguous for type lookup in this context
35 |     
36 |     /// Verifies the integrity of data against a known hash.

/Users/mpy/.bazel/execroot/_main/Sources/SecureBytes/Sources/SecureBytes.swift:8:15: note: found this candidate
  6 | /// that conforms to all required concurrency and safety protocols.
  7 | @frozen
  8 | public struct SecureBytes: Sendable, Equatable, Hashable {
    |               `- note: found this candidate
  9 |     // MARK: - Properties
 10 |     

UmbraCoreTypes.SecureBytes:1:23: note: found this candidate
 1 | @frozen public struct SecureBytes : Sendable, Equatable, Hashable {
   |                       `- note: found this candidate
 2 |     public init()
 3 |     public init(capacity: Int)

Sources/SecurityProtocolsCore/Sources/Protocols/CryptoServiceProtocol.swift:34:21: error: 'SecureBytes' is ambiguous for type lookup in this context
32 |     /// - Parameter data: The data to hash as `SecureBytes`.
33 |     /// - Returns: The resulting hash as `SecureBytes` or an error.
34 |     func hash(data: SecureBytes) async -> Result<SecureBytes, SecurityError>
   |                     `- error: 'SecureBytes' is ambiguous for type lookup in this context
35 |     
36 |     /// Verifies the integrity of data against a known hash.

/Users/mpy/.bazel/execroot/_main/Sources/SecureBytes/Sources/SecureBytes.swift:8:15: note: found this candidate
  6 | /// that conforms to all required concurrency and safety protocols.
  7 | @frozen
  8 | public struct SecureBytes: Sendable, Equatable, Hashable {
    |               `- note: found this candidate
  9 |     // MARK: - Properties
 10 |     

UmbraCoreTypes.SecureBytes:1:23: note: found this candidate
 1 | @frozen public struct SecureBytes : Sendable, Equatable, Hashable {
   |                       `- note: found this candidate
 2 |     public init()
 3 |     public init(capacity: Int)

Sources/SecurityProtocolsCore/Sources/Protocols/CryptoServiceProtocol.swift:41:23: error: 'SecureBytes' is ambiguous for type lookup in this context
39 |     ///   - hash: The expected hash value as `SecureBytes`.
40 |     /// - Returns: Boolean indicating whether the hash matches.
41 |     func verify(data: SecureBytes, against hash: SecureBytes) async -> Bool
   |                       `- error: 'SecureBytes' is ambiguous for type lookup in this context
42 | }
43 | 

/Users/mpy/.bazel/execroot/_main/Sources/SecureBytes/Sources/SecureBytes.swift:8:15: note: found this candidate
  6 | /// that conforms to all required concurrency and safety protocols.
  7 | @frozen
  8 | public struct SecureBytes: Sendable, Equatable, Hashable {
    |               `- note: found this candidate
  9 |     // MARK: - Properties
 10 |     

UmbraCoreTypes.SecureBytes:1:23: note: found this candidate
 1 | @frozen public struct SecureBytes : Sendable, Equatable, Hashable {
   |                       `- note: found this candidate
 2 |     public init()
 3 |     public init(capacity: Int)

Sources/SecurityProtocolsCore/Sources/Protocols/CryptoServiceProtocol.swift:41:50: error: 'SecureBytes' is ambiguous for type lookup in this context
39 |     ///   - hash: The expected hash value as `SecureBytes`.
40 |     /// - Returns: Boolean indicating whether the hash matches.
41 |     func verify(data: SecureBytes, against hash: SecureBytes) async -> Bool
   |                                                  `- error: 'SecureBytes' is ambiguous for type lookup in this context
42 | }
43 | 

/Users/mpy/.bazel/execroot/_main/Sources/SecureBytes/Sources/SecureBytes.swift:8:15: note: found this candidate
  6 | /// that conforms to all required concurrency and safety protocols.
  7 | @frozen
  8 | public struct SecureBytes: Sendable, Equatable, Hashable {
    |               `- note: found this candidate
  9 |     // MARK: - Properties
 10 |     

UmbraCoreTypes.SecureBytes:1:23: note: found this candidate
 1 | @frozen public struct SecureBytes : Sendable, Equatable, Hashable {
   |                       `- note: found this candidate
 2 |     public init()
 3 |     public init(capacity: Int)

Sources/SecurityProtocolsCore/Sources/Protocols/KeyManagementProtocol.swift:16:73: error: 'SecureBytes' is ambiguous for type lookup in this context
14 |     /// - Parameter identifier: A string identifying the key.
15 |     /// - Returns: The security key as `SecureBytes` or an error.
16 |     func retrieveKey(withIdentifier identifier: String) async -> Result<SecureBytes, SecurityError>
   |                                                                         `- error: 'SecureBytes' is ambiguous for type lookup in this context
17 |     
18 |     /// Stores a security key with the given identifier.

/Users/mpy/.bazel/execroot/_main/Sources/SecureBytes/Sources/SecureBytes.swift:8:15: note: found this candidate
  6 | /// that conforms to all required concurrency and safety protocols.
  7 | @frozen
  8 | public struct SecureBytes: Sendable, Equatable, Hashable {
    |               `- note: found this candidate
  9 |     // MARK: - Properties
 10 |     

UmbraCoreTypes.SecureBytes:1:23: note: found this candidate
 1 | @frozen public struct SecureBytes : Sendable, Equatable, Hashable {
   |                       `- note: found this candidate
 2 |     public init()
 3 |     public init(capacity: Int)

Sources/SecurityProtocolsCore/Sources/Protocols/KeyManagementProtocol.swift:23:26: error: 'SecureBytes' is ambiguous for type lookup in this context
21 |     ///   - identifier: A string identifier for the key.
22 |     /// - Returns: Success or an error.
23 |     func storeKey(_ key: SecureBytes, withIdentifier identifier: String) async -> Result<Void, SecurityError>
   |                          `- error: 'SecureBytes' is ambiguous for type lookup in this context
24 |     
25 |     /// Deletes a security key with the given identifier.

/Users/mpy/.bazel/execroot/_main/Sources/SecureBytes/Sources/SecureBytes.swift:8:15: note: found this candidate
  6 | /// that conforms to all required concurrency and safety protocols.
  7 | @frozen
  8 | public struct SecureBytes: Sendable, Equatable, Hashable {
    |               `- note: found this candidate
  9 |     // MARK: - Properties
 10 |     

UmbraCoreTypes.SecureBytes:1:23: note: found this candidate
 1 | @frozen public struct SecureBytes : Sendable, Equatable, Hashable {
   |                       `- note: found this candidate
 2 |     public init()
 3 |     public init(capacity: Int)

Sources/SecurityProtocolsCore/Sources/Protocols/KeyManagementProtocol.swift:36:75: error: 'SecureBytes' is ambiguous for type lookup in this context
34 |     /// - Returns: The new key and re-encrypted data (if provided) or an error.
35 |     func rotateKey(withIdentifier identifier: String, 
36 |                   dataToReencrypt: SecureBytes?) async -> Result<(newKey: SecureBytes, reencryptedData: SecureBytes?), SecurityError>
   |                                                                           `- error: 'SecureBytes' is ambiguous for type lookup in this context
37 |     
38 |     /// Lists all available key identifiers.

/Users/mpy/.bazel/execroot/_main/Sources/SecureBytes/Sources/SecureBytes.swift:8:15: note: found this candidate
  6 | /// that conforms to all required concurrency and safety protocols.
  7 | @frozen
  8 | public struct SecureBytes: Sendable, Equatable, Hashable {
    |               `- note: found this candidate
  9 |     // MARK: - Properties
 10 |     

UmbraCoreTypes.SecureBytes:1:23: note: found this candidate
 1 | @frozen public struct SecureBytes : Sendable, Equatable, Hashable {
   |                       `- note: found this candidate
 2 |     public init()
 3 |     public init(capacity: Int)

Sources/SecurityProtocolsCore/Sources/Protocols/KeyManagementProtocol.swift:36:105: error: 'SecureBytes' is ambiguous for type lookup in this context
34 |     /// - Returns: The new key and re-encrypted data (if provided) or an error.
35 |     func rotateKey(withIdentifier identifier: String, 
36 |                   dataToReencrypt: SecureBytes?) async -> Result<(newKey: SecureBytes, reencryptedData: SecureBytes?), SecurityError>
   |                                                                                                         `- error: 'SecureBytes' is ambiguous for type lookup in this context
37 |     
38 |     /// Lists all available key identifiers.

/Users/mpy/.bazel/execroot/_main/Sources/SecureBytes/Sources/SecureBytes.swift:8:15: note: found this candidate
  6 | /// that conforms to all required concurrency and safety protocols.
  7 | @frozen
  8 | public struct SecureBytes: Sendable, Equatable, Hashable {
    |               `- note: found this candidate
  9 |     // MARK: - Properties
 10 |     

UmbraCoreTypes.SecureBytes:1:23: note: found this candidate
 1 | @frozen public struct SecureBytes : Sendable, Equatable, Hashable {
   |                       `- note: found this candidate
 2 |     public init()
 3 |     public init(capacity: Int)

Sources/SecurityProtocolsCore/Sources/Protocols/KeyManagementProtocol.swift:36:36: error: 'SecureBytes' is ambiguous for type lookup in this context
34 |     /// - Returns: The new key and re-encrypted data (if provided) or an error.
35 |     func rotateKey(withIdentifier identifier: String, 
36 |                   dataToReencrypt: SecureBytes?) async -> Result<(newKey: SecureBytes, reencryptedData: SecureBytes?), SecurityError>
   |                                    `- error: 'SecureBytes' is ambiguous for type lookup in this context
37 |     
38 |     /// Lists all available key identifiers.

/Users/mpy/.bazel/execroot/_main/Sources/SecureBytes/Sources/SecureBytes.swift:8:15: note: found this candidate
  6 | /// that conforms to all required concurrency and safety protocols.
  7 | @frozen
  8 | public struct SecureBytes: Sendable, Equatable, Hashable {
    |               `- note: found this candidate
  9 |     // MARK: - Properties
 10 |     

UmbraCoreTypes.SecureBytes:1:23: note: found this candidate
 1 | @frozen public struct SecureBytes : Sendable, Equatable, Hashable {
   |                       `- note: found this candidate
 2 |     public init()
 3 |     public init(capacity: Int)

Sources/SecurityProtocolsCore/Sources/Protocols/SecurityProviderProtocol.swift:29:37: error: 'SecureBytes' is ambiguous for type lookup in this context
27 |     /// - Parameter data: The data to securely wipe.
28 |     /// - Returns: Success or an error.
29 |     func securelyWipe(_ data: inout SecureBytes) async -> Result<Void, SecurityError>
   |                                     `- error: 'SecureBytes' is ambiguous for type lookup in this context
30 |     
31 |     /// Generates cryptographically secure random bytes of specified length.

/Users/mpy/.bazel/execroot/_main/Sources/SecureBytes/Sources/SecureBytes.swift:8:15: note: found this candidate
  6 | /// that conforms to all required concurrency and safety protocols.
  7 | @frozen
  8 | public struct SecureBytes: Sendable, Equatable, Hashable {
    |               `- note: found this candidate
  9 |     // MARK: - Properties
 10 |     

UmbraCoreTypes.SecureBytes:1:23: note: found this candidate
 1 | @frozen public struct SecureBytes : Sendable, Equatable, Hashable {
   |                       `- note: found this candidate
 2 |     public init()
 3 |     public init(capacity: Int)

Sources/SecurityProtocolsCore/Sources/Protocols/SecurityProviderProtocol.swift:34:59: error: 'SecureBytes' is ambiguous for type lookup in this context
32 |     /// - Parameter length: The number of random bytes to generate.
33 |     /// - Returns: Random bytes as `SecureBytes` or an error.
34 |     func generateRandomBytes(length: Int) async -> Result<SecureBytes, SecurityError>
   |                                                           `- error: 'SecureBytes' is ambiguous for type lookup in this context
35 | }
36 | 

/Users/mpy/.bazel/execroot/_main/Sources/SecureBytes/Sources/SecureBytes.swift:8:15: note: found this candidate
  6 | /// that conforms to all required concurrency and safety protocols.
  7 | @frozen
  8 | public struct SecureBytes: Sendable, Equatable, Hashable {
    |               `- note: found this candidate
  9 |     // MARK: - Properties
 10 |     

UmbraCoreTypes.SecureBytes:1:23: note: found this candidate
 1 | @frozen public struct SecureBytes : Sendable, Equatable, Hashable {
   |                       `- note: found this candidate
 2 |     public init()
 3 |     public init(capacity: Int)
Target //Sources/SecurityProtocolsCore:SecurityProtocolsCoreTests failed to build
Use --verbose_failures to see the command lines of failed build steps.
ERROR: /Users/mpy/CascadeProjects/UmbraCore/Sources/SecurityProtocolsCore/BUILD.bazel:3:33 Linking Sources/SecurityProtocolsCore/libSecurityProtocolsCore.a failed: (Exit 1): worker failed: error executing SwiftCompile command (from target //Sources/SecurityProtocolsCore:SecurityProtocolsCore) bazel-out/darwin_x86_64-opt-exec-ST-d57f47055a04/bin/external/rules_swift+/tools/worker/worker swiftc ... (remaining 1 argument skipped)
INFO: Elapsed time: 0.650s, Critical Path: 0.42s
INFO: 2 processes: 2 internal.
ERROR: Build did NOT complete successfully
âš ï¸ Failed to build SecurityProtocolsCoreTests
Building //Sources/Serialization:Serialization...
WARNING: Enabling both --slim_profile and --experimental_profile_include_primary_output: the "out" field will be omitted in merged actions.
INFO: Invocation ID: a48a8280-4e43-4390-a917-a7fedc24860a
Computing main repo mapping: 
Loading: 
Loading: 0 packages loaded
Analyzing: target //Sources/Serialization:Serialization (0 packages loaded, 0 targets configured)
Analyzing: target //Sources/Serialization:Serialization (0 packages loaded, 0 targets configured)

INFO: Analyzed target //Sources/Serialization:Serialization (0 packages loaded, 0 targets configured).
INFO: Found 1 target...
Target //Sources/Serialization:Serialization up-to-date:
  bazel-bin/Sources/Serialization/Serialization.swiftdoc
  bazel-bin/Sources/Serialization/Serialization.swiftmodule
  bazel-bin/Sources/Serialization/Serialization.swiftsourceinfo
  bazel-bin/Sources/Serialization/libSerialization.a
INFO: Elapsed time: 0.214s, Critical Path: 0.00s
INFO: 1 process: 1 internal.
INFO: Build completed successfully, 1 total action
Building //Sources/Serialization:SerializationTests...
WARNING: Enabling both --slim_profile and --experimental_profile_include_primary_output: the "out" field will be omitted in merged actions.
INFO: Invocation ID: fb804cff-4252-4bc6-87d8-df209744a382
Computing main repo mapping: 
Loading: 
Loading: 0 packages loaded
Analyzing: target //Sources/Serialization:SerializationTests (0 packages loaded, 0 targets configured)
Analyzing: target //Sources/Serialization:SerializationTests (0 packages loaded, 0 targets configured)

INFO: Analyzed target //Sources/Serialization:SerializationTests (0 packages loaded, 0 targets configured).
INFO: Found 1 target...
Target //Sources/Serialization:SerializationTests up-to-date:
  bazel-bin/Sources/Serialization/SerializationTests.test-runner.sh
  bazel-bin/Sources/Serialization/SerializationTests.xctest
INFO: Elapsed time: 0.208s, Critical Path: 0.00s
INFO: 1 process: 1 internal.
INFO: Build completed successfully, 1 total action
Building //Sources/StringConversion:StringConversion...
WARNING: Enabling both --slim_profile and --experimental_profile_include_primary_output: the "out" field will be omitted in merged actions.
INFO: Invocation ID: 342f07a6-b64a-4aeb-a12e-ca9d7f42cd27
Computing main repo mapping: 
Loading: 
Loading: 0 packages loaded
Analyzing: target //Sources/StringConversion:StringConversion (0 packages loaded, 0 targets configured)
Analyzing: target //Sources/StringConversion:StringConversion (0 packages loaded, 0 targets configured)

INFO: Analyzed target //Sources/StringConversion:StringConversion (0 packages loaded, 0 targets configured).
INFO: Found 1 target...
Target //Sources/StringConversion:StringConversion up-to-date:
  bazel-bin/Sources/StringConversion/StringConversion.swiftdoc
  bazel-bin/Sources/StringConversion/StringConversion.swiftmodule
  bazel-bin/Sources/StringConversion/StringConversion.swiftsourceinfo
  bazel-bin/Sources/StringConversion/libStringConversion.a
INFO: Elapsed time: 0.199s, Critical Path: 0.00s
INFO: 1 process: 1 internal.
INFO: Build completed successfully, 1 total action
Building //Sources/StringConversion:StringConversionTests...
WARNING: Enabling both --slim_profile and --experimental_profile_include_primary_output: the "out" field will be omitted in merged actions.
INFO: Invocation ID: 9bb07abe-e5ff-416b-b5d4-bc9223023003
Computing main repo mapping: 
Loading: 
Loading: 0 packages loaded
Analyzing: target //Sources/StringConversion:StringConversionTests (0 packages loaded, 0 targets configured)
Analyzing: target //Sources/StringConversion:StringConversionTests (0 packages loaded, 0 targets configured)

INFO: Analyzed target //Sources/StringConversion:StringConversionTests (0 packages loaded, 0 targets configured).
INFO: Found 1 target...
Target //Sources/StringConversion:StringConversionTests up-to-date:
  bazel-bin/Sources/StringConversion/StringConversionTests.test-runner.sh
  bazel-bin/Sources/StringConversion/StringConversionTests.xctest
INFO: Elapsed time: 0.205s, Critical Path: 0.00s
INFO: 1 process: 1 internal.
INFO: Build completed successfully, 1 total action
Building //Sources/URLPath:URLPath...
WARNING: Enabling both --slim_profile and --experimental_profile_include_primary_output: the "out" field will be omitted in merged actions.
INFO: Invocation ID: fc375a63-2d5d-4614-9b99-5fc713c77b38
Computing main repo mapping: 
Loading: 
Loading: 0 packages loaded
Analyzing: target //Sources/URLPath:URLPath (0 packages loaded, 0 targets configured)
Analyzing: target //Sources/URLPath:URLPath (0 packages loaded, 0 targets configured)

INFO: Analyzed target //Sources/URLPath:URLPath (0 packages loaded, 0 targets configured).
INFO: Found 1 target...
Target //Sources/URLPath:URLPath up-to-date:
  bazel-bin/Sources/URLPath/URLPath.swiftdoc
  bazel-bin/Sources/URLPath/URLPath.swiftmodule
  bazel-bin/Sources/URLPath/URLPath.swiftsourceinfo
  bazel-bin/Sources/URLPath/libURLPath.a
INFO: Elapsed time: 0.213s, Critical Path: 0.00s
INFO: 1 process: 1 internal.
INFO: Build completed successfully, 1 total action
Building //Sources/URLPath:URLPathTests...
WARNING: Enabling both --slim_profile and --experimental_profile_include_primary_output: the "out" field will be omitted in merged actions.
INFO: Invocation ID: e3efd6b5-663e-4d60-92e6-0a847c141262
Computing main repo mapping: 
Loading: 
Loading: 0 packages loaded
Analyzing: target //Sources/URLPath:URLPathTests (0 packages loaded, 0 targets configured)
Analyzing: target //Sources/URLPath:URLPathTests (0 packages loaded, 0 targets configured)

INFO: Analyzed target //Sources/URLPath:URLPathTests (0 packages loaded, 0 targets configured).
INFO: Found 1 target...
Target //Sources/URLPath:URLPathTests up-to-date:
  bazel-bin/Sources/URLPath/URLPathTests.test-runner.sh
  bazel-bin/Sources/URLPath/URLPathTests.xctest
INFO: Elapsed time: 0.207s, Critical Path: 0.00s
INFO: 1 process: 1 internal.
INFO: Build completed successfully, 1 total action
âœ… Build process completed

ðŸ§ª Running tests using xcrun...
ðŸ“Š Testing BinaryData...
Test Suite 'All tests' started at 2025-02-28 18:58:55.251.
Test Suite 'BinaryDataTests.xctest' started at 2025-02-28 18:58:55.251.
Test Suite 'BinaryDataTests' started at 2025-02-28 18:58:55.251.
Test Case '-[Sources_BinaryData_BinaryDataTests.BinaryDataTests testAppendingBinaryData]' started.
Test Case '-[Sources_BinaryData_BinaryDataTests.BinaryDataTests testAppendingBinaryData]' passed (0.000 seconds).
Test Case '-[Sources_BinaryData_BinaryDataTests.BinaryDataTests testAppendingByte]' started.
Test Case '-[Sources_BinaryData_BinaryDataTests.BinaryDataTests testAppendingByte]' passed (0.000 seconds).
Test Case '-[Sources_BinaryData_BinaryDataTests.BinaryDataTests testArrayLiteralInit]' started.
Test Case '-[Sources_BinaryData_BinaryDataTests.BinaryDataTests testArrayLiteralInit]' passed (0.000 seconds).
Test Case '-[Sources_BinaryData_BinaryDataTests.BinaryDataTests testBytesInit]' started.
Test Case '-[Sources_BinaryData_BinaryDataTests.BinaryDataTests testBytesInit]' passed (0.000 seconds).
Test Case '-[Sources_BinaryData_BinaryDataTests.BinaryDataTests testCountInit]' started.
Test Case '-[Sources_BinaryData_BinaryDataTests.BinaryDataTests testCountInit]' passed (0.000 seconds).
Test Case '-[Sources_BinaryData_BinaryDataTests.BinaryDataTests testEmptyInit]' started.
Test Case '-[Sources_BinaryData_BinaryDataTests.BinaryDataTests testEmptyInit]' passed (0.000 seconds).
Test Case '-[Sources_BinaryData_BinaryDataTests.BinaryDataTests testEquatable]' started.
Test Case '-[Sources_BinaryData_BinaryDataTests.BinaryDataTests testEquatable]' passed (0.000 seconds).
Test Case '-[Sources_BinaryData_BinaryDataTests.BinaryDataTests testFromHexEncodedString]' started.
Test Case '-[Sources_BinaryData_BinaryDataTests.BinaryDataTests testFromHexEncodedString]' passed (0.000 seconds).
Test Case '-[Sources_BinaryData_BinaryDataTests.BinaryDataTests testFromInvalidHexString]' started.
Test Case '-[Sources_BinaryData_BinaryDataTests.BinaryDataTests testFromInvalidHexString]' passed (0.000 seconds).
Test Case '-[Sources_BinaryData_BinaryDataTests.BinaryDataTests testFromOddLengthHexString]' started.
Test Case '-[Sources_BinaryData_BinaryDataTests.BinaryDataTests testFromOddLengthHexString]' passed (0.000 seconds).
Test Case '-[Sources_BinaryData_BinaryDataTests.BinaryDataTests testHashable]' started.
Test Case '-[Sources_BinaryData_BinaryDataTests.BinaryDataTests testHashable]' passed (0.000 seconds).
Test Case '-[Sources_BinaryData_BinaryDataTests.BinaryDataTests testHexEncodedString]' started.
Test Case '-[Sources_BinaryData_BinaryDataTests.BinaryDataTests testHexEncodedString]' passed (0.000 seconds).
Test Case '-[Sources_BinaryData_BinaryDataTests.BinaryDataTests testIndexSubscript]' started.
Test Case '-[Sources_BinaryData_BinaryDataTests.BinaryDataTests testIndexSubscript]' passed (0.000 seconds).
Test Case '-[Sources_BinaryData_BinaryDataTests.BinaryDataTests testRangeSubscript]' started.
Test Case '-[Sources_BinaryData_BinaryDataTests.BinaryDataTests testRangeSubscript]' passed (0.000 seconds).
Test Case '-[Sources_BinaryData_BinaryDataTests.BinaryDataTests testStaticBytesInit]' started.
Test Case '-[Sources_BinaryData_BinaryDataTests.BinaryDataTests testStaticBytesInit]' passed (0.000 seconds).
Test Suite 'BinaryDataTests' passed at 2025-02-28 18:58:55.253.
	 Executed 15 tests, with 0 failures (0 unexpected) in 0.002 (0.002) seconds
Test Suite 'BinaryDataTests.xctest' passed at 2025-02-28 18:58:55.254.
	 Executed 15 tests, with 0 failures (0 unexpected) in 0.002 (0.002) seconds
Test Suite 'All tests' passed at 2025-02-28 18:58:55.254.
	 Executed 15 tests, with 0 failures (0 unexpected) in 0.002 (0.003) seconds
âœ… BinaryData tests passed

ðŸ“Š Testing BinaryStream...
Test Suite 'All tests' started at 2025-02-28 18:58:55.301.
Test Suite 'BinaryStreamTests.xctest' started at 2025-02-28 18:58:55.302.
Test Suite 'BinaryStreamTests' started at 2025-02-28 18:58:55.302.
Test Case '-[Sources_BinaryStream_BinaryStreamTests.BinaryStreamTests testExampleMethod]' started.
Test Case '-[Sources_BinaryStream_BinaryStreamTests.BinaryStreamTests testExampleMethod]' passed (0.000 seconds).
Test Case '-[Sources_BinaryStream_BinaryStreamTests.BinaryStreamTests testInitialisation]' started.
Test Case '-[Sources_BinaryStream_BinaryStreamTests.BinaryStreamTests testInitialisation]' passed (0.000 seconds).
Test Suite 'BinaryStreamTests' passed at 2025-02-28 18:58:55.303.
	 Executed 2 tests, with 0 failures (0 unexpected) in 0.001 (0.001) seconds
Test Suite 'BinaryStreamTests.xctest' passed at 2025-02-28 18:58:55.303.
	 Executed 2 tests, with 0 failures (0 unexpected) in 0.001 (0.001) seconds
Test Suite 'All tests' passed at 2025-02-28 18:58:55.303.
	 Executed 2 tests, with 0 failures (0 unexpected) in 0.001 (0.002) seconds
âœ… BinaryStream tests passed

ðŸ“Š Testing ConcurrencyPrimitives...
Test Suite 'All tests' started at 2025-02-28 18:58:55.350.
Test Suite 'ConcurrencyPrimitivesTests.xctest' started at 2025-02-28 18:58:55.351.
Test Suite 'ConcurrencyPrimitivesTests' started at 2025-02-28 18:58:55.351.
Test Case '-[Sources_ConcurrencyPrimitives_ConcurrencyPrimitivesTests.ConcurrencyPrimitivesTests testExampleMethod]' started.
Test Case '-[Sources_ConcurrencyPrimitives_ConcurrencyPrimitivesTests.ConcurrencyPrimitivesTests testExampleMethod]' passed (0.000 seconds).
Test Case '-[Sources_ConcurrencyPrimitives_ConcurrencyPrimitivesTests.ConcurrencyPrimitivesTests testInitialisation]' started.
Test Case '-[Sources_ConcurrencyPrimitives_ConcurrencyPrimitivesTests.ConcurrencyPrimitivesTests testInitialisation]' passed (0.000 seconds).
Test Suite 'ConcurrencyPrimitivesTests' passed at 2025-02-28 18:58:55.351.
	 Executed 2 tests, with 0 failures (0 unexpected) in 0.001 (0.001) seconds
Test Suite 'ConcurrencyPrimitivesTests.xctest' passed at 2025-02-28 18:58:55.351.
	 Executed 2 tests, with 0 failures (0 unexpected) in 0.001 (0.001) seconds
Test Suite 'All tests' passed at 2025-02-28 18:58:55.351.
	 Executed 2 tests, with 0 failures (0 unexpected) in 0.001 (0.002) seconds
âœ… ConcurrencyPrimitives tests passed

ðŸ“Š Testing FilePath...
Test Suite 'All tests' started at 2025-02-28 18:58:55.400.
Test Suite 'FilePathTests.xctest' started at 2025-02-28 18:58:55.400.
Test Suite 'FilePathTests' started at 2025-02-28 18:58:55.400.
Test Case '-[Sources_FilePath_FilePathTests.FilePathTests testExampleMethod]' started.
Test Case '-[Sources_FilePath_FilePathTests.FilePathTests testExampleMethod]' passed (0.000 seconds).
Test Case '-[Sources_FilePath_FilePathTests.FilePathTests testInitialisation]' started.
Test Case '-[Sources_FilePath_FilePathTests.FilePathTests testInitialisation]' passed (0.000 seconds).
Test Suite 'FilePathTests' passed at 2025-02-28 18:58:55.401.
	 Executed 2 tests, with 0 failures (0 unexpected) in 0.001 (0.001) seconds
Test Suite 'FilePathTests.xctest' passed at 2025-02-28 18:58:55.401.
	 Executed 2 tests, with 0 failures (0 unexpected) in 0.001 (0.001) seconds
Test Suite 'All tests' passed at 2025-02-28 18:58:55.401.
	 Executed 2 tests, with 0 failures (0 unexpected) in 0.001 (0.001) seconds
âœ… FilePath tests passed

ðŸ“Š Testing SecureBytes...
Test Suite 'All tests' started at 2025-02-28 18:58:55.448.
Test Suite 'SecureBytesTests.xctest' started at 2025-02-28 18:58:55.449.
Test Suite 'SecureBytesTests' started at 2025-02-28 18:58:55.449.
Test Case '-[Sources_SecureBytes_SecureBytesTests.SecureBytesTests testAppending]' started.
Test Case '-[Sources_SecureBytes_SecureBytesTests.SecureBytesTests testAppending]' passed (0.000 seconds).
Test Case '-[Sources_SecureBytes_SecureBytesTests.SecureBytesTests testArrayInitialization]' started.
Test Case '-[Sources_SecureBytes_SecureBytesTests.SecureBytesTests testArrayInitialization]' passed (0.000 seconds).
Test Case '-[Sources_SecureBytes_SecureBytesTests.SecureBytesTests testArrayLiteralInitialization]' started.
Test Case '-[Sources_SecureBytes_SecureBytesTests.SecureBytesTests testArrayLiteralInitialization]' passed (0.000 seconds).
Test Case '-[Sources_SecureBytes_SecureBytesTests.SecureBytesTests testBytesMethod]' started.
Test Case '-[Sources_SecureBytes_SecureBytesTests.SecureBytesTests testBytesMethod]' passed (0.000 seconds).
Test Case '-[Sources_SecureBytes_SecureBytesTests.SecureBytesTests testCountInitialization]' started.
Test Case '-[Sources_SecureBytes_SecureBytesTests.SecureBytesTests testCountInitialization]' passed (0.000 seconds).
Test Case '-[Sources_SecureBytes_SecureBytesTests.SecureBytesTests testDebugDescription]' started.
Test Case '-[Sources_SecureBytes_SecureBytesTests.SecureBytesTests testDebugDescription]' passed (0.000 seconds).
Test Case '-[Sources_SecureBytes_SecureBytesTests.SecureBytesTests testEmptyInitialisation]' started.
Test Case '-[Sources_SecureBytes_SecureBytesTests.SecureBytesTests testEmptyInitialisation]' passed (0.000 seconds).
Test Case '-[Sources_SecureBytes_SecureBytesTests.SecureBytesTests testEquatable]' started.
Test Case '-[Sources_SecureBytes_SecureBytesTests.SecureBytesTests testEquatable]' passed (0.000 seconds).
Test Case '-[Sources_SecureBytes_SecureBytesTests.SecureBytesTests testFromHexString]' started.
Test Case '-[Sources_SecureBytes_SecureBytesTests.SecureBytesTests testFromHexString]' passed (0.000 seconds).
Test Case '-[Sources_SecureBytes_SecureBytesTests.SecureBytesTests testHashable]' started.
Test Case '-[Sources_SecureBytes_SecureBytesTests.SecureBytesTests testHashable]' passed (0.000 seconds).
Test Case '-[Sources_SecureBytes_SecureBytesTests.SecureBytesTests testHexString]' started.
Test Case '-[Sources_SecureBytes_SecureBytesTests.SecureBytesTests testHexString]' passed (0.000 seconds).
Test Case '-[Sources_SecureBytes_SecureBytesTests.SecureBytesTests testIndexSubscript]' started.
Test Case '-[Sources_SecureBytes_SecureBytesTests.SecureBytesTests testIndexSubscript]' passed (0.000 seconds).
Test Case '-[Sources_SecureBytes_SecureBytesTests.SecureBytesTests testInvalidHexString]' started.
Test Case '-[Sources_SecureBytes_SecureBytesTests.SecureBytesTests testInvalidHexString]' passed (0.000 seconds).
Test Case '-[Sources_SecureBytes_SecureBytesTests.SecureBytesTests testRangeSubscript]' started.
Test Case '-[Sources_SecureBytes_SecureBytesTests.SecureBytesTests testRangeSubscript]' passed (0.000 seconds).
Test Case '-[Sources_SecureBytes_SecureBytesTests.SecureBytesTests testRepeatingValueInitialization]' started.
Test Case '-[Sources_SecureBytes_SecureBytesTests.SecureBytesTests testRepeatingValueInitialization]' passed (0.000 seconds).
Test Case '-[Sources_SecureBytes_SecureBytesTests.SecureBytesTests testStringDescription]' started.
Test Case '-[Sources_SecureBytes_SecureBytesTests.SecureBytesTests testStringDescription]' passed (0.000 seconds).
Test Suite 'SecureBytesTests' passed at 2025-02-28 18:58:55.451.
	 Executed 16 tests, with 0 failures (0 unexpected) in 0.002 (0.002) seconds
Test Suite 'SecureBytesTests.xctest' passed at 2025-02-28 18:58:55.451.
	 Executed 16 tests, with 0 failures (0 unexpected) in 0.002 (0.002) seconds
Test Suite 'All tests' passed at 2025-02-28 18:58:55.451.
	 Executed 16 tests, with 0 failures (0 unexpected) in 0.002 (0.003) seconds
âœ… SecureBytes tests passed

âš ï¸  Could not find test bundle for SecurityProtocolsCore at /Users/mpy/.bazel/execroot/_main/bazel-out/darwin_arm64-opt/bin/Sources/SecurityProtocolsCore/SecurityProtocolsCoreTests.xctest

ðŸ“Š Testing Serialization...
Test Suite 'All tests' started at 2025-02-28 18:58:55.500.
Test Suite 'SerializationTests.xctest' started at 2025-02-28 18:58:55.501.
Test Suite 'SerializationTests' started at 2025-02-28 18:58:55.501.
Test Case '-[Sources_Serialization_SerializationTests.SerializationTests testExampleMethod]' started.
Test Case '-[Sources_Serialization_SerializationTests.SerializationTests testExampleMethod]' passed (0.000 seconds).
Test Case '-[Sources_Serialization_SerializationTests.SerializationTests testInitialisation]' started.
Test Case '-[Sources_Serialization_SerializationTests.SerializationTests testInitialisation]' passed (0.000 seconds).
Test Suite 'SerializationTests' passed at 2025-02-28 18:58:55.501.
	 Executed 2 tests, with 0 failures (0 unexpected) in 0.001 (0.001) seconds
Test Suite 'SerializationTests.xctest' passed at 2025-02-28 18:58:55.501.
	 Executed 2 tests, with 0 failures (0 unexpected) in 0.001 (0.001) seconds
Test Suite 'All tests' passed at 2025-02-28 18:58:55.501.
	 Executed 2 tests, with 0 failures (0 unexpected) in 0.001 (0.002) seconds
âœ… Serialization tests passed

ðŸ“Š Testing StringConversion...
Test Suite 'All tests' started at 2025-02-28 18:58:55.549.
Test Suite 'StringConversionTests.xctest' started at 2025-02-28 18:58:55.550.
Test Suite 'StringConversionTests' started at 2025-02-28 18:58:55.550.
Test Case '-[Sources_StringConversion_StringConversionTests.StringConversionTests testExampleMethod]' started.
Test Case '-[Sources_StringConversion_StringConversionTests.StringConversionTests testExampleMethod]' passed (0.000 seconds).
Test Case '-[Sources_StringConversion_StringConversionTests.StringConversionTests testInitialisation]' started.
Test Case '-[Sources_StringConversion_StringConversionTests.StringConversionTests testInitialisation]' passed (0.000 seconds).
Test Suite 'StringConversionTests' passed at 2025-02-28 18:58:55.551.
	 Executed 2 tests, with 0 failures (0 unexpected) in 0.001 (0.001) seconds
Test Suite 'StringConversionTests.xctest' passed at 2025-02-28 18:58:55.551.
	 Executed 2 tests, with 0 failures (0 unexpected) in 0.001 (0.001) seconds
Test Suite 'All tests' passed at 2025-02-28 18:58:55.551.
	 Executed 2 tests, with 0 failures (0 unexpected) in 0.001 (0.002) seconds
âœ… StringConversion tests passed

ðŸ“Š Testing URLPath...
Test Suite 'All tests' started at 2025-02-28 18:58:55.600.
Test Suite 'URLPathTests.xctest' started at 2025-02-28 18:58:55.601.
Test Suite 'URLPathTests' started at 2025-02-28 18:58:55.601.
Test Case '-[Sources_URLPath_URLPathTests.URLPathTests testExampleMethod]' started.
Test Case '-[Sources_URLPath_URLPathTests.URLPathTests testExampleMethod]' passed (0.000 seconds).
Test Case '-[Sources_URLPath_URLPathTests.URLPathTests testInitialisation]' started.
Test Case '-[Sources_URLPath_URLPathTests.URLPathTests testInitialisation]' passed (0.000 seconds).
Test Suite 'URLPathTests' passed at 2025-02-28 18:58:55.602.
	 Executed 2 tests, with 0 failures (0 unexpected) in 0.001 (0.001) seconds
Test Suite 'URLPathTests.xctest' passed at 2025-02-28 18:58:55.602.
	 Executed 2 tests, with 0 failures (0 unexpected) in 0.001 (0.001) seconds
Test Suite 'All tests' passed at 2025-02-28 18:58:55.602.
	 Executed 2 tests, with 0 failures (0 unexpected) in 0.001 (0.002) seconds
âœ… URLPath tests passed

ðŸ“ Test Summary:
----------------
Total modules tested: 9
Successful: 8 (BinaryData BinaryStream ConcurrencyPrimitives FilePath SecureBytes Serialization StringConversion URLPath)
Failed: 1 (SecurityProtocolsCore)
